#
# A fatal error has been detected by the Java Runtime Environment:
#
#  SIGSEGV (0xb) at pc=0x000000010ff706a6, pid=4332, tid=19203
#
# JRE version: Java(TM) SE Runtime Environment (8.0_40-b27) (build 1.8.0_40-b27)
# Java VM: Java HotSpot(TM) 64-Bit Server VM (25.40-b25 mixed mode bsd-amd64 compressed oops)
# Problematic frame:
# V  [libjvm.dylib+0x3706a6]  JvmtiEnv::GetClassMethods(oopDesc*, int*, _jmethodID***)+0x122
#
# Failed to write core dump. Core dumps have been disabled. To enable core dumping, try "ulimit -c unlimited" before starting Java again
#
# If you would like to submit a bug report, please visit:
#   http://bugreport.java.com/bugreport/crash.jsp
#

---------------  T H R E A D  ---------------

Current thread (0x00007ffc54836000):  JavaThread "JDWP Transport Listener: dt_socket" daemon [_thread_in_vm, id=19203, stack(0x0000700000f47000,0x0000700001047000)]

siginfo: si_signo: 11 (SIGSEGV), si_code: 1 (SEGV_MAPERR), si_addr: 0x00007ffcd65ff0c0

Registers:
RAX=0x00007ffc51ef2978, RBX=0x00000007c0060028, RCX=0x0000000000000001, RDX=0x00007ffc5400ee60
RSP=0x0000700001046970, RBP=0x00007000010469f0, RSI=0x0000000000000000, RDI=0x00007ffc5400dd90
R8 =0x000000000000001c, R9 =0x0000000000000000, R10=0x000000000000001d, R11=0x00007ffc51c00000
R12=0x0000000000000009, R13=0x00000000104aa060, R14=0x000000000000000a, R15=0x00007ffc540aedc0
RIP=0x000000010ff706a6, EFLAGS=0x0000000000010202, ERR=0x0000000000000006
  TRAPNO=0x000000000000000e

Top of Stack: (sp=0x0000700001046970)
0x0000700001046970:   0000700001046980 000000000000000a
0x0000700001046980:   0000700001046a84 0000700001046a78
0x0000700001046990:   00007ffc54836000 00007ffc5400de30
0x00007000010469a0:   00007ffc5400ed70 00007ffc5400ed80
0x00007000010469b0:   00007ffc5400ee58 00000000000000d8
0x00007000010469c0:   0000700001046db0 0000700001046a78
0x00007000010469d0:   00007ffc51e01790 00007ffc54836000
0x00007000010469e0:   0000700001046a84 000000076eb08648
0x00007000010469f0:   0000700001046a60 000000010ff4500b
0x0000700001046a00:   00007ffc54836000 00007ffc54836000
0x0000700001046a10:   0000000000000000 0000700000000000
0x0000700001046a20:   0000000000000000 00007ffc54836000
0x0000700001046a30:   00007ffc54836000 0000000000000001
0x0000700001046a40:   00007ffc54007850 00007ffc540ab530
0x0000700001046a50:   0000700001046b08 0000700001046c90
0x0000700001046a60:   0000700001046ad0 000000010eb3a195
0x0000700001046a70:   0000700001046aa0 0000000000000000
0x0000700001046a80:   0000000000000032 0000700001046b08
0x0000700001046a90:   0000700001046b08 000000010eb68598
0x0000700001046aa0:   0000700001046ac0 0000700001046c90
0x0000700001046ab0:   000000010eb5ce7a 00007ffc540ab530
0x0000700001046ac0:   0000700001046b08 000000010eb68598
0x0000700001046ad0:   0000700001046ae0 000000010eb3a2ec
0x0000700001046ae0:   0000700001046d00 000000010eb43898
0x0000700001046af0:   00001fad00000013 00000000000f0200
0x0000700001046b00:   00007ffc54054bd0 0000700001046b58
0x0000700001046b10:   00007ffc0000012c 0000700001046b20
0x0000700001046b20:   0000000000000000 0000700001046b58
0x0000700001046b30:   0000000000000000 0000000000000000
0x0000700001046b40:   00001fad0000001c 00007fff0000dc80
0x0000700001046b50:   0000700001046b58 0000000101000000
0x0000700001046b60:   0000000e00000000 2e6d6f6320726f07 

Instructions: (pc=0x000000010ff706a6)
0x000000010ff70686:   45 31 e4 48 8b 83 80 01 00 00 48 8b 8b a0 01 00
0x000000010ff70696:   00 4e 63 6c a1 04 4a 8b 7c e0 08 e8 ee 7a fa ff
0x000000010ff706a6:   4b 89 04 ef 49 ff c4 4d 39 e6 75 d7 48 8b 45 88
0x000000010ff706b6:   48 8b 55 90 89 02 48 8b 4d 98 4c 89 39 31 db 48 

Register to memory mapping:

RAX=0x00007ffc51ef2978 is an unknown value
RBX=0x00000007c0060028 is pointing into metadata
RCX=0x0000000000000001 is an unknown value
RDX=0x00007ffc5400ee60 is an unknown value
RSP=0x0000700001046970 is pointing into the stack for thread: 0x00007ffc54836000
RBP=0x00007000010469f0 is pointing into the stack for thread: 0x00007ffc54836000
RSI=0x0000000000000000 is an unknown value
RDI=0x00007ffc5400dd90 is an unknown value
R8 =0x000000000000001c is an unknown value
R9 =0x0000000000000000 is an unknown value
R10=0x000000000000001d is an unknown value
R11=0x00007ffc51c00000 is an unknown value
R12=0x0000000000000009 is an unknown value
R13=0x00000000104aa060 is an unknown value
R14=0x000000000000000a is an unknown value
R15=0x00007ffc540aedc0 is an unknown value


Stack: [0x0000700000f47000,0x0000700001047000],  sp=0x0000700001046970,  free space=1022k
Native frames: (J=compiled Java code, j=interpreted, Vv=VM code, C=native code)
V  [libjvm.dylib+0x3706a6]  JvmtiEnv::GetClassMethods(oopDesc*, int*, _jmethodID***)+0x122
V  [libjvm.dylib+0x34500b]  jvmti_GetClassMethods+0x130
C  [libjdwp.dylib+0x5195]  methods1+0xad
C  [libjdwp.dylib+0x52ec]  methodsWithGeneric+0xe
C  [libjdwp.dylib+0xe898]  debugLoop_run+0x1ce
C  [libjdwp.dylib+0x1f6ba]  attachThread+0x4d
V  [libjvm.dylib+0x384060]  JvmtiAgentThread::call_start_function()+0x38
V  [libjvm.dylib+0x549acf]  JavaThread::thread_main_inner()+0x9b
V  [libjvm.dylib+0x54b1c0]  JavaThread::run()+0x1c2
V  [libjvm.dylib+0x46ea8e]  java_start(Thread*)+0xf6
C  [libsystem_pthread.dylib+0x399d]  _pthread_body+0x83
C  [libsystem_pthread.dylib+0x391a]  _pthread_body+0x0
C  [libsystem_pthread.dylib+0x1351]  thread_start+0xd
C  0x0000000000000000


---------------  P R O C E S S  ---------------

Java Threads: ( => current thread )
  0x00007ffc522da800 JavaThread "JS executor for com.gargoylesoftware.htmlunit.WebClient@345e5a17" daemon [_thread_blocked, id=24847, stack(0x0000700001862000,0x0000700001962000)]
  0x00007ffc54825800 JavaThread "Service Thread" daemon [_thread_blocked, id=22787, stack(0x000070000165c000,0x000070000175c000)]
  0x00007ffc56013000 JavaThread "C1 CompilerThread3" daemon [_thread_blocked, id=22275, stack(0x0000700001559000,0x0000700001659000)]
  0x00007ffc54822800 JavaThread "C2 CompilerThread2" daemon [_thread_blocked, id=21763, stack(0x0000700001456000,0x0000700001556000)]
  0x00007ffc56001000 JavaThread "C2 CompilerThread1" daemon [_thread_blocked, id=21251, stack(0x0000700001353000,0x0000700001453000)]
  0x00007ffc54836800 JavaThread "C2 CompilerThread0" daemon [_thread_blocked, id=20739, stack(0x0000700001250000,0x0000700001350000)]
  0x00007ffc54822000 JavaThread "JDWP Command Reader" daemon [_thread_in_native, id=20227, stack(0x000070000114d000,0x000070000124d000)]
  0x00007ffc52032800 JavaThread "JDWP Event Helper Thread" daemon [_thread_blocked, id=19715, stack(0x000070000104a000,0x000070000114a000)]
=>0x00007ffc54836000 JavaThread "JDWP Transport Listener: dt_socket" daemon [_thread_in_vm, id=19203, stack(0x0000700000f47000,0x0000700001047000)]
  0x00007ffc52801800 JavaThread "Signal Dispatcher" daemon [_thread_blocked, id=14863, stack(0x0000700000e44000,0x0000700000f44000)]
  0x00007ffc5202f000 JavaThread "Finalizer" daemon [_thread_blocked, id=14339, stack(0x0000700000c3b000,0x0000700000d3b000)]
  0x00007ffc5202e000 JavaThread "Reference Handler" daemon [_thread_blocked, id=13827, stack(0x0000700000b38000,0x0000700000c38000)]
  0x00007ffc53801800 JavaThread "main" [_thread_blocked, id=5891, stack(0x000070000011a000,0x000070000021a000)]

Other Threads:
  0x00007ffc5202d800 VMThread [stack: 0x0000700000a35000,0x0000700000b35000] [id=13315]
  0x00007ffc54826000 WatcherThread [stack: 0x000070000175f000,0x000070000185f000] [id=23299]

VM state:not at safepoint (normal execution)

VM Mutex/Monitor currently owned by a thread: None

Heap:
 PSYoungGen      total 76288K, used 58834K [0x000000076ab00000, 0x0000000770000000, 0x00000007c0000000)
  eden space 65536K, 73% used [0x000000076ab00000,0x000000076d9f9e40,0x000000076eb00000)
  from space 10752K, 99% used [0x000000076eb00000,0x000000076f57a9c0,0x000000076f580000)
  to   space 10752K, 0% used [0x000000076f580000,0x000000076f580000,0x0000000770000000)
 ParOldGen       total 175104K, used 1032K [0x00000006c0000000, 0x00000006cab00000, 0x000000076ab00000)
  object space 175104K, 0% used [0x00000006c0000000,0x00000006c0102040,0x00000006cab00000)
 Metaspace       used 18765K, capacity 19016K, committed 19456K, reserved 1064960K
  class space    used 2930K, capacity 2990K, committed 3072K, reserved 1048576K

Card table byte_map: [0x000000011ff29000,0x000000012072a000] byte_map_base: 0x000000011c929000

Marking Bits: (ParMarkBitMap*) 0x00000001104c27a0
 Begin Bits: [0x0000000120c80000, 0x0000000124c80000)
 End Bits:   [0x0000000124c80000, 0x0000000128c80000)

Polling page: 0x000000010eb34000

CodeCache: size=245760Kb used=7766Kb max_used=7896Kb free=237994Kb
 bounds [0x0000000110b69000, 0x0000000111339000, 0x000000011fb69000]
 total_blobs=2513 nmethods=2114 adapters=320
 compilation: enabled

Compilation events (10 events):
Event: 2520.714 Thread 0x00007ffc56001000 nmethod 2162 0x00000001112b96d0 code [0x00000001112b9820, 0x00000001112b98c8]
Event: 2520.714 Thread 0x00007ffc56013000 nmethod 2165 0x0000000110cebb50 code [0x0000000110cebce0, 0x0000000110cec0d8]
Event: 2520.714 Thread 0x00007ffc56013000 2166       3       java.lang.Integer::formatUnsignedInt (48 bytes)
Event: 2520.714 Thread 0x00007ffc56013000 nmethod 2166 0x0000000110c85f10 code [0x0000000110c86080, 0x0000000110c86310]
Event: 2520.714 Thread 0x00007ffc56013000 2163       3       java.lang.Integer::toHexString (6 bytes)
Event: 2520.714 Thread 0x00007ffc56013000 nmethod 2163 0x0000000110c73d10 code [0x0000000110c73e80, 0x0000000110c73fe8]
Event: 2520.715 Thread 0x00007ffc56013000 2164       3       java.lang.Integer::toUnsignedString0 (46 bytes)
Event: 2520.715 Thread 0x00007ffc56013000 nmethod 2164 0x0000000110e88ad0 code [0x0000000110e88c60, 0x0000000110e890b8]
Event: 2520.715 Thread 0x00007ffc56013000 2167       3       java.lang.Object::toString (36 bytes)
Event: 2520.716 Thread 0x00007ffc56013000 nmethod 2167 0x0000000110da8dd0 code [0x0000000110da8fe0, 0x0000000110da9b88]

GC Heap History (2 events):
Event: 1.535 GC heap before
{Heap before GC invocations=1 (full 0):
 PSYoungGen      total 76288K, used 65536K [0x000000076ab00000, 0x0000000770000000, 0x00000007c0000000)
  eden space 65536K, 100% used [0x000000076ab00000,0x000000076eb00000,0x000000076eb00000)
  from space 10752K, 0% used [0x000000076f580000,0x000000076f580000,0x0000000770000000)
  to   space 10752K, 0% used [0x000000076eb00000,0x000000076eb00000,0x000000076f580000)
 ParOldGen       total 175104K, used 0K [0x00000006c0000000, 0x00000006cab00000, 0x000000076ab00000)
  object space 175104K, 0% used [0x00000006c0000000,0x00000006c0000000,0x00000006cab00000)
 Metaspace       used 15121K, capacity 15458K, committed 15744K, reserved 1062912K
  class space    used 2464K, capacity 2573K, committed 2688K, reserved 1048576K
Event: 1.546 GC heap after
Heap after GC invocations=1 (full 0):
 PSYoungGen      total 76288K, used 10730K [0x000000076ab00000, 0x0000000770000000, 0x00000007c0000000)
  eden space 65536K, 0% used [0x000000076ab00000,0x000000076ab00000,0x000000076eb00000)
  from space 10752K, 99% used [0x000000076eb00000,0x000000076f57a9c0,0x000000076f580000)
  to   space 10752K, 0% used [0x000000076f580000,0x000000076f580000,0x0000000770000000)
 ParOldGen       total 175104K, used 1032K [0x00000006c0000000, 0x00000006cab00000, 0x000000076ab00000)
  object space 175104K, 0% used [0x00000006c0000000,0x00000006c0102040,0x00000006cab00000)
 Metaspace       used 15121K, capacity 15458K, committed 15744K, reserved 1062912K
  class space    used 2464K, capacity 2573K, committed 2688K, reserved 1048576K
}

Deoptimization events (10 events):
Event: 2.355 Thread 0x00007ffc53801800 Uncommon trap: reason=unstable_if action=reinterpret pc=0x00000001110d3d08 method=sun.nio.cs.UTF_8$Decoder.decodeArrayLoop(Ljava/nio/ByteBuffer;Ljava/nio/CharBuffer;)Ljava/nio/charset/CoderResult; @ 280
Event: 3.044 Thread 0x00007ffc53801800 Uncommon trap: reason=unstable_if action=reinterpret pc=0x000000011115d6c4 method=org.cyberneko.html.HTMLScanner$ContentScanner.scanAttribute(Lorg/apache/xerces/util/XMLAttributesImpl;[ZC)Z @ 413
Event: 3.080 Thread 0x00007ffc53801800 Uncommon trap: reason=unstable_if action=reinterpret pc=0x00000001111b54e8 method=org.cyberneko.html.HTMLScanner$ContentScanner.nextContent(I)Ljava/lang/String; @ 71
Event: 3.207 Thread 0x00007ffc53801800 Uncommon trap: reason=unstable_if action=reinterpret pc=0x000000011122d2d8 method=org.apache.xml.dtm.ref.DTMDefaultBase._exptype(I)I @ 29
Event: 6.363 Thread 0x00007ffc53801800 Uncommon trap: reason=unstable_if action=reinterpret pc=0x000000011112040c method=java.lang.String.toLowerCase(Ljava/util/Locale;)Ljava/lang/String; @ 176
Event: 6.366 Thread 0x00007ffc53801800 Uncommon trap: reason=unstable_if action=reinterpret pc=0x0000000111276998 method=org.cyberneko.html.HTMLScanner.skipSpaces()Z @ 64
Event: 6.366 Thread 0x00007ffc53801800 Uncommon trap: reason=unstable_if action=reinterpret pc=0x00000001111cf168 method=org.cyberneko.html.HTMLScanner.skipSpaces()Z @ 64
Event: 6.400 Thread 0x00007ffc53801800 Uncommon trap: reason=unstable_if action=reinterpret pc=0x000000011125c844 method=org.apache.xml.dtm.ref.dom2dtm.DOM2DTM.addNode(Lorg/w3c/dom/Node;III)I @ 154
Event: 6.400 Thread 0x00007ffc53801800 Uncommon trap: reason=unstable_if action=reinterpret pc=0x000000011124d914 method=org.apache.xml.dtm.ref.dom2dtm.DOM2DTM.nextNode()Z @ 597
Event: 75.301 Thread 0x00007ffc53801800 Uncommon trap: reason=class_check action=maybe_recompile pc=0x0000000110e8c378 method=java.util.LinkedHashMap.afterNodeInsertion(Z)V @ 15

Internal exceptions (10 events):
Event: 0.253 Thread 0x00007ffc53801800 Exception <a 'java/lang/ClassNotFoundException': org/apache/log4j/WriterAppenderBeanInfo> (0x000000076b2e34c0) thrown at [/Users/java_re/workspace/8-2-build-macosx-x86_64/jdk8u40/3153/hotspot/src/share/vm/classfile/systemDictionary.cpp, line 210]
Event: 0.253 Thread 0x00007ffc53801800 Exception <a 'java/lang/ClassNotFoundException': org/apache/log4j/AppenderSkeletonBeanInfo> (0x000000076b2eb668) thrown at [/Users/java_re/workspace/8-2-build-macosx-x86_64/jdk8u40/3153/hotspot/src/share/vm/classfile/systemDictionary.cpp, line 210]
Event: 0.253 Thread 0x00007ffc53801800 Exception <a 'java/lang/ClassNotFoundException': org/apache/log4j/AppenderSkeletonCustomizer> (0x000000076b2f3b78) thrown at [/Users/java_re/workspace/8-2-build-macosx-x86_64/jdk8u40/3153/hotspot/src/share/vm/classfile/systemDictionary.cpp, line 210]
Event: 0.255 Thread 0x00007ffc53801800 Exception <a 'java/lang/ClassNotFoundException': org/apache/log4j/WriterAppenderCustomizer> (0x000000076b30fe90) thrown at [/Users/java_re/workspace/8-2-build-macosx-x86_64/jdk8u40/3153/hotspot/src/share/vm/classfile/systemDictionary.cpp, line 210]
Event: 0.256 Thread 0x00007ffc53801800 Exception <a 'java/lang/ClassNotFoundException': org/apache/log4j/ConsoleAppenderCustomizer> (0x000000076b3240a8) thrown at [/Users/java_re/workspace/8-2-build-macosx-x86_64/jdk8u40/3153/hotspot/src/share/vm/classfile/systemDictionary.cpp, line 210]
Event: 0.753 Thread 0x00007ffc53801800 Implicit null exception at 0x0000000110daa790 to 0x0000000110daa9d5
Event: 0.769 Thread 0x00007ffc53801800 Implicit null exception at 0x0000000110e9f4a4 to 0x0000000110e9fa5d
Event: 1.508 Thread 0x00007ffc53801800 Exception <a 'java/lang/NoSuchFieldError': method resolution failed> (0x000000076ea3c460) thrown at [/Users/java_re/workspace/8-2-build-macosx-x86_64/jdk8u40/3153/hotspot/src/share/vm/prims/methodHandles.cpp, line 1125]
Event: 1.511 Thread 0x00007ffc53801800 Exception <a 'java/lang/NoSuchFieldError': method resolution failed> (0x000000076ea4ad90) thrown at [/Users/java_re/workspace/8-2-build-macosx-x86_64/jdk8u40/3153/hotspot/src/share/vm/prims/methodHandles.cpp, line 1125]
Event: 2.379 Thread 0x00007ffc53801800 Exception <a 'java/net/SocketTimeoutException': Read timed out> (0x000000076b908e90) thrown at [/Users/java_re/workspace/8-2-build-macosx-x86_64/jdk8u40/3153/hotspot/src/share/vm/prims/jni.cpp, line 735]

Events (10 events):
Event: 3000.958 Executing VM operation: GetCurrentLocation
Event: 3000.958 Executing VM operation: GetCurrentLocation done
Event: 3000.958 Executing VM operation: ChangeSingleStep
Event: 3000.958 Executing VM operation: ChangeSingleStep done
Event: 3000.958 Executing VM operation: ChangeSingleStep
Event: 3000.959 Executing VM operation: ChangeSingleStep done
Event: 3090.413 Executing VM operation: ChangeBreakpoints
Event: 3090.413 Executing VM operation: ChangeBreakpoints done
Event: 3090.437 Executing VM operation: RedefineClasses
Event: 3090.448 Executing VM operation: RedefineClasses done


Dynamic libraries:
0x00000000079c7000 	/System/Library/Frameworks/Cocoa.framework/Versions/A/Cocoa
0x00000000079c7000 	/System/Library/Frameworks/Security.framework/Versions/A/Security
0x00000000079c7000 	/System/Library/Frameworks/ApplicationServices.framework/Versions/A/ApplicationServices
0x00000000079c7000 	/usr/lib/libz.1.dylib
0x00000000079c7000 	/usr/lib/libSystem.B.dylib
0x00000000079c7000 	/usr/lib/libobjc.A.dylib
0x00000000079c7000 	/System/Library/Frameworks/CoreFoundation.framework/Versions/A/CoreFoundation
0x00000000079c7000 	/System/Library/Frameworks/Foundation.framework/Versions/C/Foundation
0x00000000079c7000 	/System/Library/Frameworks/AppKit.framework/Versions/C/AppKit
0x00000000079c7000 	/System/Library/Frameworks/CoreData.framework/Versions/A/CoreData
0x00000000079c7000 	/System/Library/PrivateFrameworks/RemoteViewServices.framework/Versions/A/RemoteViewServices
0x00000000079c7000 	/System/Library/PrivateFrameworks/UIFoundation.framework/Versions/A/UIFoundation
0x00000000079c7000 	/usr/lib/libScreenReader.dylib
0x00000000079c7000 	/System/Library/Frameworks/Accelerate.framework/Versions/A/Accelerate
0x00000000079c7000 	/System/Library/Frameworks/IOSurface.framework/Versions/A/IOSurface
0x00000000079c7000 	/System/Library/Frameworks/AudioToolbox.framework/Versions/A/AudioToolbox
0x00000000079c7000 	/System/Library/Frameworks/AudioUnit.framework/Versions/A/AudioUnit
0x00000000079c7000 	/System/Library/PrivateFrameworks/DataDetectorsCore.framework/Versions/A/DataDetectorsCore
0x00000000079c7000 	/System/Library/PrivateFrameworks/DesktopServicesPriv.framework/Versions/A/DesktopServicesPriv
0x00000000079c7000 	/System/Library/Frameworks/Carbon.framework/Versions/A/Frameworks/HIToolbox.framework/Versions/A/HIToolbox
0x00000000079c7000 	/System/Library/Frameworks/QuartzCore.framework/Versions/A/QuartzCore
0x00000000079c7000 	/System/Library/Frameworks/Carbon.framework/Versions/A/Frameworks/SpeechRecognition.framework/Versions/A/SpeechRecognition
0x00000000079c7000 	/usr/lib/libauto.dylib
0x00000000079c7000 	/usr/lib/libicucore.A.dylib
0x00000000079c7000 	/usr/lib/libxml2.2.dylib
0x00000000079c7000 	/System/Library/PrivateFrameworks/CoreUI.framework/Versions/A/CoreUI
0x00000000079c7000 	/System/Library/Frameworks/CoreAudio.framework/Versions/A/CoreAudio
0x00000000079c7000 	/System/Library/Frameworks/DiskArbitration.framework/Versions/A/DiskArbitration
0x00000000079c7000 	/usr/lib/liblangid.dylib
0x00000000079c7000 	/System/Library/PrivateFrameworks/MultitouchSupport.framework/Versions/A/MultitouchSupport
0x00000000079c7000 	/System/Library/Frameworks/IOKit.framework/Versions/A/IOKit
0x00000000079c7000 	/usr/lib/libDiagnosticMessagesClient.dylib
0x00000000079c7000 	/System/Library/Frameworks/CoreServices.framework/Versions/A/CoreServices
0x00000000079c7000 	/System/Library/PrivateFrameworks/PerformanceAnalysis.framework/Versions/A/PerformanceAnalysis
0x00000000079c7000 	/System/Library/PrivateFrameworks/GenerationalStorage.framework/Versions/A/GenerationalStorage
0x00000000079c7000 	/System/Library/Frameworks/OpenGL.framework/Versions/A/OpenGL
0x00000000079c7000 	/System/Library/PrivateFrameworks/Sharing.framework/Versions/A/Sharing
0x00000000079c7000 	/System/Library/Frameworks/CoreGraphics.framework/Versions/A/CoreGraphics
0x00000000079c7000 	/System/Library/Frameworks/CoreImage.framework/Versions/A/CoreImage
0x00000000079c7000 	/System/Library/Frameworks/CoreText.framework/Versions/A/CoreText
0x00000000079c7000 	/System/Library/Frameworks/ImageIO.framework/Versions/A/ImageIO
0x00000000079c7000 	/System/Library/PrivateFrameworks/Backup.framework/Versions/A/Backup
0x00000000079c7000 	/usr/lib/libextension.dylib
0x00000000079c7000 	/usr/lib/libarchive.2.dylib
0x00000000079c7000 	/System/Library/Frameworks/CFNetwork.framework/Versions/A/CFNetwork
0x00000000079c7000 	/System/Library/Frameworks/SystemConfiguration.framework/Versions/A/SystemConfiguration
0x00000000079c7000 	/usr/lib/libCRFSuite.dylib
0x00000000079c7000 	/usr/lib/libc++.1.dylib
0x00000000079c7000 	/usr/lib/libc++abi.dylib
0x00000000079c7000 	/usr/lib/system/libcache.dylib
0x00000000079c7000 	/usr/lib/system/libcommonCrypto.dylib
0x00000000079c7000 	/usr/lib/system/libcompiler_rt.dylib
0x00000000079c7000 	/usr/lib/system/libcopyfile.dylib
0x00000000079c7000 	/usr/lib/system/libcorecrypto.dylib
0x00000000079c7000 	/usr/lib/system/libdispatch.dylib
0x00000000079c7000 	/usr/lib/system/libdyld.dylib
0x00000000079c7000 	/usr/lib/system/libkeymgr.dylib
0x00000000079c7000 	/usr/lib/system/liblaunch.dylib
0x00000000079c7000 	/usr/lib/system/libmacho.dylib
0x00000000079c7000 	/usr/lib/system/libquarantine.dylib
0x00000000079c7000 	/usr/lib/system/libremovefile.dylib
0x00000000079c7000 	/usr/lib/system/libsystem_asl.dylib
0x00000000079c7000 	/usr/lib/system/libsystem_blocks.dylib
0x00000000079c7000 	/usr/lib/system/libsystem_c.dylib
0x00000000079c7000 	/usr/lib/system/libsystem_configuration.dylib
0x00000000079c7000 	/usr/lib/system/libsystem_coreservices.dylib
0x00000000079c7000 	/usr/lib/system/libsystem_coretls.dylib
0x00000000079c7000 	/usr/lib/system/libsystem_dnssd.dylib
0x00000000079c7000 	/usr/lib/system/libsystem_info.dylib
0x00000000079c7000 	/usr/lib/system/libsystem_kernel.dylib
0x00000000079c7000 	/usr/lib/system/libsystem_m.dylib
0x00000000079c7000 	/usr/lib/system/libsystem_malloc.dylib
0x00000000079c7000 	/usr/lib/system/libsystem_network.dylib
0x00000000079c7000 	/usr/lib/system/libsystem_networkextension.dylib
0x00000000079c7000 	/usr/lib/system/libsystem_notify.dylib
0x00000000079c7000 	/usr/lib/system/libsystem_platform.dylib
0x00000000079c7000 	/usr/lib/system/libsystem_pthread.dylib
0x00000000079c7000 	/usr/lib/system/libsystem_sandbox.dylib
0x00000000079c7000 	/usr/lib/system/libsystem_secinit.dylib
0x00000000079c7000 	/usr/lib/system/libsystem_trace.dylib
0x00000000079c7000 	/usr/lib/system/libunc.dylib
0x00000000079c7000 	/usr/lib/system/libunwind.dylib
0x00000000079c7000 	/usr/lib/system/libxpc.dylib
0x00000000079c7000 	/usr/lib/libenergytrace.dylib
0x00000000079c7000 	/usr/lib/libbsm.0.dylib
0x00000000079c7000 	/usr/lib/system/libkxld.dylib
0x00000000079c7000 	/usr/lib/libxar.1.dylib
0x00000000079c7000 	/usr/lib/libsqlite3.dylib
0x00000000079c7000 	/usr/lib/libpam.2.dylib
0x00000000079c7000 	/usr/lib/libOpenScriptingUtil.dylib
0x00000000079c7000 	/usr/lib/libbz2.1.0.dylib
0x00000000079c7000 	/usr/lib/liblzma.5.dylib
0x00000000079c7000 	/System/Library/Frameworks/CoreServices.framework/Versions/A/Frameworks/FSEvents.framework/Versions/A/FSEvents
0x00000000079c7000 	/System/Library/Frameworks/CoreServices.framework/Versions/A/Frameworks/CarbonCore.framework/Versions/A/CarbonCore
0x00000000079c7000 	/System/Library/Frameworks/CoreServices.framework/Versions/A/Frameworks/Metadata.framework/Versions/A/Metadata
0x00000000079c7000 	/System/Library/Frameworks/CoreServices.framework/Versions/A/Frameworks/OSServices.framework/Versions/A/OSServices
0x00000000079c7000 	/System/Library/Frameworks/CoreServices.framework/Versions/A/Frameworks/SearchKit.framework/Versions/A/SearchKit
0x00000000079c7000 	/System/Library/Frameworks/CoreServices.framework/Versions/A/Frameworks/AE.framework/Versions/A/AE
0x00000000079c7000 	/System/Library/Frameworks/CoreServices.framework/Versions/A/Frameworks/LaunchServices.framework/Versions/A/LaunchServices
0x00000000079c7000 	/System/Library/Frameworks/CoreServices.framework/Versions/A/Frameworks/DictionaryServices.framework/Versions/A/DictionaryServices
0x00000000079c7000 	/System/Library/Frameworks/CoreServices.framework/Versions/A/Frameworks/SharedFileList.framework/Versions/A/SharedFileList
0x00000000079c7000 	/System/Library/Frameworks/NetFS.framework/Versions/A/NetFS
0x00000000079c7000 	/System/Library/PrivateFrameworks/NetAuth.framework/Versions/A/NetAuth
0x00000000079c7000 	/System/Library/PrivateFrameworks/login.framework/Versions/A/Frameworks/loginsupport.framework/Versions/A/loginsupport
0x00000000079c7000 	/System/Library/PrivateFrameworks/TCC.framework/Versions/A/TCC
0x00000000079c7000 	/usr/lib/libmecabra.dylib
0x00000000079c7000 	/System/Library/Frameworks/ApplicationServices.framework/Versions/A/Frameworks/ATS.framework/Versions/A/ATS
0x00000000079c7000 	/System/Library/Frameworks/ApplicationServices.framework/Versions/A/Frameworks/ColorSync.framework/Versions/A/ColorSync
0x00000000079c7000 	/System/Library/Frameworks/ApplicationServices.framework/Versions/A/Frameworks/HIServices.framework/Versions/A/HIServices
0x00000000079c7000 	/System/Library/Frameworks/ApplicationServices.framework/Versions/A/Frameworks/LangAnalysis.framework/Versions/A/LangAnalysis
0x00000000079c7000 	/System/Library/Frameworks/ApplicationServices.framework/Versions/A/Frameworks/PrintCore.framework/Versions/A/PrintCore
0x00000000079c7000 	/System/Library/Frameworks/ApplicationServices.framework/Versions/A/Frameworks/QD.framework/Versions/A/QD
0x00000000079c7000 	/System/Library/Frameworks/ApplicationServices.framework/Versions/A/Frameworks/SpeechSynthesis.framework/Versions/A/SpeechSynthesis
0x00000000079c7000 	/System/Library/Frameworks/Metal.framework/Versions/A/Metal
0x00000000079c7000 	/System/Library/Frameworks/Accelerate.framework/Versions/A/Frameworks/vImage.framework/Versions/A/vImage
0x00000000079c7000 	/System/Library/Frameworks/Accelerate.framework/Versions/A/Frameworks/vecLib.framework/Versions/A/vecLib
0x00000000079c7000 	/System/Library/Frameworks/Accelerate.framework/Versions/A/Frameworks/vecLib.framework/Versions/A/libvDSP.dylib
0x00000000079c7000 	/System/Library/Frameworks/Accelerate.framework/Versions/A/Frameworks/vecLib.framework/Versions/A/libvMisc.dylib
0x00000000079c7000 	/System/Library/Frameworks/Accelerate.framework/Versions/A/Frameworks/vecLib.framework/Versions/A/libLAPACK.dylib
0x00000000079c7000 	/System/Library/Frameworks/Accelerate.framework/Versions/A/Frameworks/vecLib.framework/Versions/A/libBLAS.dylib
0x00000000079c7000 	/System/Library/Frameworks/Accelerate.framework/Versions/A/Frameworks/vecLib.framework/Versions/A/libLinearAlgebra.dylib
0x00000000079c7000 	/System/Library/Frameworks/Accelerate.framework/Versions/A/Frameworks/vecLib.framework/Versions/A/libSparseBLAS.dylib
0x00000000079c7000 	/System/Library/PrivateFrameworks/GPUCompiler.framework/libmetal_timestamp.dylib
0x00000000079c7000 	/System/Library/Frameworks/OpenGL.framework/Versions/A/Libraries/libCoreFSCache.dylib
0x00000000079c7000 	/System/Library/PrivateFrameworks/IOAccelerator.framework/Versions/A/IOAccelerator
0x00000000079c7000 	/System/Library/Frameworks/ApplicationServices.framework/Versions/A/Frameworks/ATS.framework/Versions/A/Resources/libFontParser.dylib
0x00000000079c7000 	/System/Library/Frameworks/ApplicationServices.framework/Versions/A/Frameworks/ATS.framework/Versions/A/Resources/libFontRegistry.dylib
0x00000000079c7000 	/System/Library/PrivateFrameworks/AppleVPA.framework/Versions/A/AppleVPA
0x00000000079c7000 	/System/Library/PrivateFrameworks/AppleJPEG.framework/Versions/A/AppleJPEG
0x00000000079c7000 	/System/Library/Frameworks/ImageIO.framework/Versions/A/Resources/libJPEG.dylib
0x00000000079c7000 	/System/Library/Frameworks/ImageIO.framework/Versions/A/Resources/libTIFF.dylib
0x00000000079c7000 	/System/Library/Frameworks/ImageIO.framework/Versions/A/Resources/libPng.dylib
0x00000000079c7000 	/System/Library/Frameworks/ImageIO.framework/Versions/A/Resources/libGIF.dylib
0x00000000079c7000 	/System/Library/Frameworks/ImageIO.framework/Versions/A/Resources/libJP2.dylib
0x00000000079c7000 	/System/Library/Frameworks/ImageIO.framework/Versions/A/Resources/libRadiance.dylib
0x00000000079c7000 	/System/Library/Frameworks/CoreVideo.framework/Versions/A/CoreVideo
0x00000000079c7000 	/System/Library/Frameworks/OpenGL.framework/Versions/A/Libraries/libGLU.dylib
0x00000000079c7000 	/System/Library/Frameworks/OpenGL.framework/Versions/A/Libraries/libGFXShared.dylib
0x00000000079c7000 	/System/Library/Frameworks/OpenGL.framework/Versions/A/Libraries/libGL.dylib
0x00000000079c7000 	/System/Library/Frameworks/OpenGL.framework/Versions/A/Libraries/libGLImage.dylib
0x00000000079c7000 	/System/Library/Frameworks/OpenGL.framework/Versions/A/Libraries/libCVMSPluginSupport.dylib
0x00000000079c7000 	/System/Library/Frameworks/OpenGL.framework/Versions/A/Libraries/libCoreVMClient.dylib
0x00000000079c7000 	/usr/lib/libcups.2.dylib
0x00000000079c7000 	/System/Library/Frameworks/Kerberos.framework/Versions/A/Kerberos
0x00000000079c7000 	/System/Library/Frameworks/GSS.framework/Versions/A/GSS
0x00000000079c7000 	/usr/lib/libresolv.9.dylib
0x00000000079c7000 	/usr/lib/libiconv.2.dylib
0x00000000079c7000 	/System/Library/PrivateFrameworks/Heimdal.framework/Versions/A/Heimdal
0x00000000079c7000 	/usr/lib/libheimdal-asn1.dylib
0x00000000079c7000 	/System/Library/Frameworks/OpenDirectory.framework/Versions/A/OpenDirectory
0x00000000079c7000 	/System/Library/PrivateFrameworks/CommonAuth.framework/Versions/A/CommonAuth
0x00000000079c7000 	/System/Library/Frameworks/OpenDirectory.framework/Versions/A/Frameworks/CFOpenDirectory.framework/Versions/A/CFOpenDirectory
0x00000000079c7000 	/System/Library/Frameworks/SecurityFoundation.framework/Versions/A/SecurityFoundation
0x00000000079c7000 	/System/Library/PrivateFrameworks/LanguageModeling.framework/Versions/A/LanguageModeling
0x00000000079c7000 	/usr/lib/libmarisa.dylib
0x00000000079c7000 	/usr/lib/libChineseTokenizer.dylib
0x00000000079c7000 	/usr/lib/libcmph.dylib
0x00000000079c7000 	/usr/lib/libcompression.dylib
0x00000000079c7000 	/System/Library/Frameworks/ServiceManagement.framework/Versions/A/ServiceManagement
0x00000000079c7000 	/usr/lib/libxslt.1.dylib
0x00000000079c7000 	/System/Library/Frameworks/Carbon.framework/Versions/A/Frameworks/Ink.framework/Versions/A/Ink
0x00000000079c7000 	/usr/lib/libFosl_dynamic.dylib
0x00000000079c7000 	/System/Library/PrivateFrameworks/FaceCore.framework/Versions/A/FaceCore
0x00000000079c7000 	/System/Library/Frameworks/OpenCL.framework/Versions/A/OpenCL
0x00000000079c7000 	/System/Library/PrivateFrameworks/CrashReporterSupport.framework/Versions/A/CrashReporterSupport
0x00000000079c7000 	/System/Library/PrivateFrameworks/IconServices.framework/Versions/A/IconServices
0x00000000079c7000 	/System/Library/PrivateFrameworks/Apple80211.framework/Versions/A/Apple80211
0x00000000079c7000 	/System/Library/Frameworks/CoreWLAN.framework/Versions/A/CoreWLAN
0x00000000079c7000 	/System/Library/Frameworks/IOBluetooth.framework/Versions/A/IOBluetooth
0x00000000079c7000 	/System/Library/PrivateFrameworks/CoreWiFi.framework/Versions/A/CoreWiFi
0x00000000079c7000 	/System/Library/Frameworks/CoreBluetooth.framework/Versions/A/CoreBluetooth
0x00000000079c7000 	/System/Library/PrivateFrameworks/ChunkingLibrary.framework/Versions/A/ChunkingLibrary
0x00000000079c7000 	/System/Library/PrivateFrameworks/DebugSymbols.framework/Versions/A/DebugSymbols
0x00000000079c7000 	/System/Library/PrivateFrameworks/CoreSymbolication.framework/Versions/A/CoreSymbolication
0x00000000079c7000 	/System/Library/PrivateFrameworks/Symbolication.framework/Versions/A/Symbolication
0x00000000079c7000 	/System/Library/PrivateFrameworks/SpeechRecognitionCore.framework/Versions/A/SpeechRecognitionCore
0x000000010eaa9000 	/System/Library/CoreServices/Encodings/libSimplifiedChineseConverter.dylib
0x000000010fc00000 	/Library/Java/JavaVirtualMachines/jdk1.8.0_40.jdk/Contents/Home/jre/lib/server/libjvm.dylib
0x00000000079c7000 	/usr/lib/libstdc++.6.dylib
0x000000010eaf1000 	/Library/Java/JavaVirtualMachines/jdk1.8.0_40.jdk/Contents/Home/jre/lib/libverify.dylib
0x000000010eaff000 	/Library/Java/JavaVirtualMachines/jdk1.8.0_40.jdk/Contents/Home/jre/lib/libjava.dylib
0x000000010eb35000 	/Library/Java/JavaVirtualMachines/jdk1.8.0_40.jdk/Contents/Home/jre/lib/libjdwp.dylib
0x000000010eb80000 	/Library/Java/JavaVirtualMachines/jdk1.8.0_40.jdk/Contents/Home/jre/lib/libnpt.dylib
0x000000010eb8d000 	/Library/Java/JavaVirtualMachines/jdk1.8.0_40.jdk/Contents/Home/jre/lib/libzip.dylib
0x000000012bbce000 	/System/Library/Frameworks/JavaVM.framework/Frameworks/JavaRuntimeSupport.framework/JavaRuntimeSupport
0x000000010ebe7000 	/System/Library/Frameworks/JavaVM.framework/Versions/A/Frameworks/JavaNativeFoundation.framework/Versions/A/JavaNativeFoundation
0x000000012bbe9000 	/System/Library/Frameworks/JavaVM.framework/Versions/A/JavaVM
0x00000000079c7000 	/System/Library/Frameworks/Carbon.framework/Versions/A/Carbon
0x000000012bbf6000 	/System/Library/PrivateFrameworks/JavaLaunching.framework/Versions/A/JavaLaunching
0x00000000079c7000 	/System/Library/Frameworks/Carbon.framework/Versions/A/Frameworks/CommonPanels.framework/Versions/A/CommonPanels
0x00000000079c7000 	/System/Library/Frameworks/Carbon.framework/Versions/A/Frameworks/Help.framework/Versions/A/Help
0x00000000079c7000 	/System/Library/Frameworks/Carbon.framework/Versions/A/Frameworks/ImageCapture.framework/Versions/A/ImageCapture
0x00000000079c7000 	/System/Library/Frameworks/Carbon.framework/Versions/A/Frameworks/OpenScripting.framework/Versions/A/OpenScripting
0x00000000079c7000 	/System/Library/Frameworks/Carbon.framework/Versions/A/Frameworks/Print.framework/Versions/A/Print
0x00000000079c7000 	/System/Library/Frameworks/Carbon.framework/Versions/A/Frameworks/SecurityHI.framework/Versions/A/SecurityHI
0x000000012d514000 	/Library/Java/JavaVirtualMachines/jdk1.8.0_40.jdk/Contents/Home/jre/lib/libdt_socket.dylib
0x000000012dc14000 	/Library/Java/JavaVirtualMachines/jdk1.8.0_40.jdk/Contents/Home/jre/lib/libsunec.dylib
0x000000012dea8000 	/Library/Java/JavaVirtualMachines/jdk1.8.0_40.jdk/Contents/Home/jre/lib/libnet.dylib

VM Arguments:
jvm_args: -agentlib:jdwp=transport=dt_socket,suspend=y,address=localhost:64242 -Dfile.encoding=UTF-8 
java_command: com.zlz.bug.utils.BookUtil
java_class_path (initial): /Users/zhailz/Documents/workspace/idle-workspace/leetcode/target/classes:/Users/zhailz/.m2/repository/commons-httpclient/commons-httpclient/3.1/commons-httpclient-3.1.jar:/Users/zhailz/.m2/repository/commons-logging/commons-logging/1.0.4/commons-logging-1.0.4.jar:/Users/zhailz/.m2/repository/commons-codec/commons-codec/1.2/commons-codec-1.2.jar:/Users/zhailz/.m2/repository/net/sourceforge/htmlunit/htmlunit/2.13/htmlunit-2.13.jar:/Users/zhailz/.m2/repository/xalan/xalan/2.7.1/xalan-2.7.1.jar:/Users/zhailz/.m2/repository/xalan/serializer/2.7.1/serializer-2.7.1.jar:/Users/zhailz/.m2/repository/commons-collections/commons-collections/3.2.1/commons-collections-3.2.1.jar:/Users/zhailz/.m2/repository/org/apache/httpcomponents/httpclient/4.3.1/httpclient-4.3.1.jar:/Users/zhailz/.m2/repository/org/apache/httpcomponents/httpcore/4.3/httpcore-4.3.jar:/Users/zhailz/.m2/repository/org/apache/httpcomponents/httpmime/4.3.1/httpmime-4.3.1.jar:/Users/zhailz/.m2/repository/net/sourceforge/htmlunit/htmlunit-core-js/2.13/htmlunit-core-js-2.13.jar:/Users/zhailz/.m2/repository/xerces/xercesImpl/2.11.0/xercesImpl-2.11.0.jar:/Users/zhailz/.m2/repository/xml-apis/xml-apis/1.4.01/xml-apis-1.4.01.jar:/Users/zhailz/.m2/repository/net/sourceforge/nekohtml/nekohtml/1.9.19/nekohtml-1.9.19.jar:/Users/zhailz/.m2/repository/net/sourceforge/cssparser/cssparser/0.9.11/cssparser-0.9.11.jar:/Users/zhailz/.m2/repository/org/w3c/css/sac/1.3/sac-1.3.jar:/Users/zhailz/.m2/repository/org/eclipse/jetty/jetty-websocket/8.1.12.v20130726/jetty-websocket-8.1.12.v20130726.jar:/Users/zhailz/.m2/repository/org/eclipse/jetty/jetty-util/8.1.12.v20130726/jetty-util-8.1.12.v20130726.jar:/Users/zhailz/.m2/repository/org/eclipse/jetty/jetty-io/8.1.12.v20130726/jetty-io-8.1.12.v20130726.jar:/Users/zhailz/.m2/repository/org/eclipse/jetty/jetty-http/8.1.12.v20130726/jetty-http-8.1.12.v20130726.jar:/Users/zhailz/.m2/repository/org/apache/commons/commons-lang3/3.0/commons-lang3-3.0.jar:/Users/zhail
Launcher Type: SUN_STANDARD

Environment Variables:
PATH=/usr/bin:/bin:/usr/sbin:/sbin
SHELL=/bin/bash

Signal Handlers:
SIGSEGV: [libjvm.dylib+0x58ef95], sa_mask[0]=11111111011111110111111111111111, sa_flags=SA_ONSTACK|SA_RESTART|SA_SIGINFO
SIGBUS: [libjvm.dylib+0x58ef95], sa_mask[0]=11111111011111110111111111111111, sa_flags=SA_RESTART|SA_SIGINFO
SIGFPE: [libjvm.dylib+0x46c118], sa_mask[0]=11111111011111110111111111111111, sa_flags=SA_RESTART|SA_SIGINFO
SIGPIPE: [libjvm.dylib+0x46c118], sa_mask[0]=11111111011111110111111111111111, sa_flags=SA_RESTART|SA_SIGINFO
SIGXFSZ: [libjvm.dylib+0x46c118], sa_mask[0]=11111111011111110111111111111111, sa_flags=SA_RESTART|SA_SIGINFO
SIGILL: [libjvm.dylib+0x46c118], sa_mask[0]=11111111011111110111111111111111, sa_flags=SA_RESTART|SA_SIGINFO
SIGUSR1: SIG_DFL, sa_mask[0]=00000000000000000000000000000000, sa_flags=none
SIGUSR2: [libjvm.dylib+0x46bc36], sa_mask[0]=00100000000000000000000000000000, sa_flags=SA_RESTART|SA_SIGINFO
SIGHUP: [libjvm.dylib+0x46a209], sa_mask[0]=11111111011111110111111111111111, sa_flags=SA_RESTART|SA_SIGINFO
SIGINT: [libjvm.dylib+0x46a209], sa_mask[0]=11111111011111110111111111111111, sa_flags=SA_RESTART|SA_SIGINFO
SIGTERM: [libjvm.dylib+0x46a209], sa_mask[0]=11111111011111110111111111111111, sa_flags=SA_RESTART|SA_SIGINFO
SIGQUIT: [libjvm.dylib+0x46a209], sa_mask[0]=11111111011111110111111111111111, sa_flags=SA_RESTART|SA_SIGINFO


---------------  S Y S T E M  ---------------

OS:Bsduname:Darwin 15.4.0 Darwin Kernel Version 15.4.0: Fri Feb 26 22:08:05 PST 2016; root:xnu-3248.40.184~3/RELEASE_X86_64 x86_64
rlimit: STACK 8192k, CORE 0k, NPROC 709, NOFILE 10240, AS infinity
load average:6.41 3.18 2.43

CPU:total 8 (4 cores per cpu, 2 threads per core) family 6 model 70 stepping 1, cmov, cx8, fxsr, mmx, sse, sse2, sse3, ssse3, sse4.1, sse4.2, popcnt, avx, avx2, aes, clmul, erms, lzcnt, ht, tsc, tscinvbit, bmi1, bmi2

Memory: 4k page, physical 16777216k(641288k free)

/proc/meminfo:


vm_info: Java HotSpot(TM) 64-Bit Server VM (25.40-b25) for bsd-amd64 JRE (1.8.0_40-b27), built on Mar 13 2015 04:46:52 by "java_re" with gcc 4.2.1 (Based on Apple Inc. build 5658) (LLVM build 2336.11.00)

time: Wed Aug 24 11:45:51 2016
elapsed time: 3090 seconds (0d 0h 51m 30s)

