#
# A fatal error has been detected by the Java Runtime Environment:
#
#  SIGSEGV (0xb) at pc=0x000000010b032d20, pid=4298, tid=19203
#
# JRE version: Java(TM) SE Runtime Environment (8.0_40-b27) (build 1.8.0_40-b27)
# Java VM: Java HotSpot(TM) 64-Bit Server VM (25.40-b25 mixed mode bsd-amd64 compressed oops)
# Problematic frame:
# V  [libjvm.dylib+0x432d20]  Method::checked_resolve_jmethod_id(_jmethodID*)+0xe
#
# Failed to write core dump. Core dumps have been disabled. To enable core dumping, try "ulimit -c unlimited" before starting Java again
#
# If you would like to submit a bug report, please visit:
#   http://bugreport.java.com/bugreport/crash.jsp
#

---------------  T H R E A D  ---------------

Current thread (0x00007f83ea844000):  JavaThread "JDWP Transport Listener: dt_socket" daemon [_thread_in_vm, id=19203, stack(0x0000700000f47000,0x0000700001047000)]

siginfo: si_signo: 11 (SIGSEGV), si_code: 0 (unknown), si_addr: 0x0000000000000000

Registers:
RAX=0x0000000000000001, RBX=0x0000700001046a8b, RCX=0x000000010b3fa190, RDX=0x0000700001046a8b
RSP=0x00007000010469d0, RBP=0x00007000010469e0, RSI=0x00007f83ea844000, RDI=0x000407f83e8d9a35
R8 =0x0000000000000000, R9 =0x00007f83e8d9b920, R10=0x000000006cee969e, R11=0x00007f83e8d00000
R12=0x00007f83ea844000, R13=0x000407f83e8d9a35, R14=0x000407f83e8d9a35, R15=0x00007f83e8f0c8c0
RIP=0x000000010b032d20, EFLAGS=0x0000000000010206, ERR=0x0000000000000000
  TRAPNO=0x000000000000000d

Top of Stack: (sp=0x00007000010469d0)
0x00007000010469d0:   0000700001046a8b 0000700001046a8b
0x00007000010469e0:   0000700001046a40 000000010af4311a
0x00007000010469f0:   00007f83ea844000 0000000000000000
0x0000700001046a00:   0000000000000000 0000000000000000
0x0000700001046a10:   00007f83ea844000 00007f83ea844000
0x0000700001046a20:   0000700001046a8b 0000700001046a90
0x0000700001046a30:   000407f83e8d9a35 0000000000000007
0x0000700001046a40:   0000700001046a60 000000010bbbe780
0x0000700001046a50:   0000000000000001 0000700001046b08
0x0000700001046a60:   0000700001046ad0 000000010bba31f3
0x0000700001046a70:   0000700001046aa0 00007f83e8d9b1f0
0x0000700001046a80:   0000000800000032 0000000900046b08
0x0000700001046a90:   0000000000000000 0000000000000000
0x0000700001046aa0:   0000000000000000 0000700001046c90
0x0000700001046ab0:   000000010bbc5e7a 00007f83e8f44bb0
0x0000700001046ac0:   0000700001046b08 000000010bbd1598
0x0000700001046ad0:   0000700001046ae0 000000010bba32ec
0x0000700001046ae0:   0000700001046d00 000000010bbac898
0x0000700001046af0:   0000114300000013 00000000000f0200
0x0000700001046b00:   00007f83e8f45b90 00007f83e8d9be1b
0x0000700001046b10:   00007f83000001dd 00007f83e8d9b900
0x0000700001046b20:   000000000000012c 0000700001046b58
0x0000700001046b30:   00007f83e8d9b900 0000000000000000
0x0000700001046b40:   000011430000001c 00007fff0000dc80
0x0000700001046b50:   0000700001046b58 837f000008000000
0x0000700001046b60:   08000000e0bdd0e8 3e74696e696c633c
0x0000700001046b70:   0056292803000000 0008000000000000
0x0000700001046b80:   00d8bdd0e8837f00 74696e693c060000
0x0000700001046b90:   562928030000003e 0100000000000000
0x0000700001046ba0:   f0bdd0e8837f0000 6461657210000000
0x0000700001046bb0:   74536f54656c6946 34000000676e6972
0x0000700001046bc0:   692f6176616a4c28 4c3b656c69462f6f 

Instructions: (pc=0x000000010b032d20)
0x000000010b032d00:   40 48 48 85 c0 75 e0 30 c0 0f b6 c0 5d c3 31 c0
0x000000010b032d10:   5d c3 55 48 89 e5 53 48 83 ec 08 48 85 ff 74 24
0x000000010b032d20:   48 8b 1f 48 85 db 74 1c 48 83 fb 37 74 16 48 8b
0x000000010b032d30:   03 48 89 df ff 50 10 84 c0 b8 00 00 00 00 48 0f 

Register to memory mapping:

RAX=0x0000000000000001 is an unknown value
RBX=0x0000700001046a8b is pointing into the stack for thread: 0x00007f83ea844000
RCX=0x000000010b3fa190: UseMembar+0 in /Library/Java/JavaVirtualMachines/jdk1.8.0_40.jdk/Contents/Home/jre/lib/server/libjvm.dylib at 0x000000010ac00000
RDX=0x0000700001046a8b is pointing into the stack for thread: 0x00007f83ea844000
RSP=0x00007000010469d0 is pointing into the stack for thread: 0x00007f83ea844000
RBP=0x00007000010469e0 is pointing into the stack for thread: 0x00007f83ea844000
RSI=0x00007f83ea844000 is a thread
RDI=0x000407f83e8d9a35 is an unknown value
R8 =0x0000000000000000 is an unknown value
R9 =0x00007f83e8d9b920 is an unknown value
R10=0x000000006cee969e is an unknown value
R11=0x00007f83e8d00000 is an unknown value
R12=0x00007f83ea844000 is a thread
R13=0x000407f83e8d9a35 is an unknown value
R14=0x000407f83e8d9a35 is an unknown value
R15=0x00007f83e8f0c8c0 is an unknown value


Stack: [0x0000700000f47000,0x0000700001047000],  sp=0x00007000010469d0,  free space=1022k
Native frames: (J=compiled Java code, j=interpreted, Vv=VM code, C=native code)
V  [libjvm.dylib+0x432d20]  Method::checked_resolve_jmethod_id(_jmethodID*)+0xe
V  [libjvm.dylib+0x34311a]  jvmti_IsMethodSynthetic+0xb2
C  [libjdwp.dylib+0x20780]  isMethodSynthetic+0x63
C  [libjdwp.dylib+0x51f3]  methods1+0x10b
C  [libjdwp.dylib+0x52ec]  methodsWithGeneric+0xe
C  [libjdwp.dylib+0xe898]  debugLoop_run+0x1ce
C  [libjdwp.dylib+0x1f6ba]  attachThread+0x4d
V  [libjvm.dylib+0x384060]  JvmtiAgentThread::call_start_function()+0x38
V  [libjvm.dylib+0x549acf]  JavaThread::thread_main_inner()+0x9b
V  [libjvm.dylib+0x54b1c0]  JavaThread::run()+0x1c2
V  [libjvm.dylib+0x46ea8e]  java_start(Thread*)+0xf6
C  [libsystem_pthread.dylib+0x399d]  _pthread_body+0x83
C  [libsystem_pthread.dylib+0x391a]  _pthread_body+0x0
C  [libsystem_pthread.dylib+0x1351]  thread_start+0xd
C  0x0000000000000000


---------------  P R O C E S S  ---------------

Java Threads: ( => current thread )
  0x00007f83eaff6000 JavaThread "JS executor for com.gargoylesoftware.htmlunit.WebClient@345e5a17" daemon [_thread_blocked, id=24847, stack(0x0000700001862000,0x0000700001962000)]
  0x00007f83ea847800 JavaThread "Service Thread" daemon [_thread_blocked, id=22787, stack(0x000070000165c000,0x000070000175c000)]
  0x00007f83ec80b800 JavaThread "C1 CompilerThread3" daemon [_thread_blocked, id=22275, stack(0x0000700001559000,0x0000700001659000)]
  0x00007f83e9061800 JavaThread "C2 CompilerThread2" daemon [_thread_blocked, id=21763, stack(0x0000700001456000,0x0000700001556000)]
  0x00007f83e9061000 JavaThread "C2 CompilerThread1" daemon [_thread_blocked, id=21251, stack(0x0000700001353000,0x0000700001453000)]
  0x00007f83e9060000 JavaThread "C2 CompilerThread0" daemon [_thread_blocked, id=20739, stack(0x0000700001250000,0x0000700001350000)]
  0x00007f83ea845000 JavaThread "JDWP Command Reader" daemon [_thread_in_native, id=20227, stack(0x000070000114d000,0x000070000124d000)]
  0x00007f83e905f000 JavaThread "JDWP Event Helper Thread" daemon [_thread_blocked, id=19715, stack(0x000070000104a000,0x000070000114a000)]
=>0x00007f83ea844000 JavaThread "JDWP Transport Listener: dt_socket" daemon [_thread_in_vm, id=19203, stack(0x0000700000f47000,0x0000700001047000)]
  0x00007f83e9069000 JavaThread "Signal Dispatcher" daemon [_thread_blocked, id=14863, stack(0x0000700000e44000,0x0000700000f44000)]
  0x00007f83e9034000 JavaThread "Finalizer" daemon [_thread_blocked, id=14339, stack(0x0000700000c3b000,0x0000700000d3b000)]
  0x00007f83ea800800 JavaThread "Reference Handler" daemon [_thread_blocked, id=13827, stack(0x0000700000b38000,0x0000700000c38000)]
  0x00007f83ea806800 JavaThread "main" [_thread_blocked, id=5891, stack(0x000070000011a000,0x000070000021a000)]

Other Threads:
  0x00007f83ec807000 VMThread [stack: 0x0000700000a35000,0x0000700000b35000] [id=13315]
  0x00007f83ea004000 WatcherThread [stack: 0x000070000175f000,0x000070000185f000] [id=23299]

VM state:not at safepoint (normal execution)

VM Mutex/Monitor currently owned by a thread: None

Heap:
 PSYoungGen      total 76288K, used 48497K [0x000000076ab00000, 0x0000000770000000, 0x00000007c0000000)
  eden space 65536K, 57% used [0x000000076ab00000,0x000000076cfe0238,0x000000076eb00000)
  from space 10752K, 99% used [0x000000076eb00000,0x000000076f57c2f8,0x000000076f580000)
  to   space 10752K, 0% used [0x000000076f580000,0x000000076f580000,0x0000000770000000)
 ParOldGen       total 175104K, used 1101K [0x00000006c0000000, 0x00000006cab00000, 0x000000076ab00000)
  object space 175104K, 0% used [0x00000006c0000000,0x00000006c0113530,0x00000006cab00000)
 Metaspace       used 18665K, capacity 18888K, committed 19200K, reserved 1064960K
  class space    used 2927K, capacity 2990K, committed 3072K, reserved 1048576K

Card table byte_map: [0x000000011afb2000,0x000000011b7b3000] byte_map_base: 0x00000001179b2000

Marking Bits: (ParMarkBitMap*) 0x000000010b4c27a0
 Begin Bits: [0x000000011bd09000, 0x000000011fd09000)
 End Bits:   [0x000000011fd09000, 0x0000000123d09000)

Polling page: 0x0000000109beb000

CodeCache: size=245760Kb used=7114Kb max_used=7114Kb free=238645Kb
 bounds [0x000000010bbf2000, 0x000000010c2f2000, 0x000000011abf2000]
 total_blobs=2369 nmethods=1970 adapters=320
 compilation: enabled

Compilation events (10 events):
Event: 63.093 Thread 0x00007f83e9061000 1967       4       java.util.AbstractSequentialList::iterator (5 bytes)
Event: 63.095 Thread 0x00007f83e9061000 nmethod 1967 0x000000010c2d0f50 code [0x000000010c2d10a0, 0x000000010c2d1238]
Event: 63.128 Thread 0x00007f83e9060000 1968       4       java.util.LinkedList$ListItr::next (56 bytes)
Event: 63.129 Thread 0x00007f83e9060000 nmethod 1968 0x000000010c2d0b50 code [0x000000010c2d0ca0, 0x000000010c2d0e18]
Event: 63.182 Thread 0x00007f83e9061800 1969  s    4       com.gargoylesoftware.htmlunit.javascript.background.DefaultJavaScriptExecutor::getJobManagerWithEarliestJob (94 bytes)
Event: 63.189 Thread 0x00007f83e9061800 nmethod 1969 0x000000010c2d8990 code [0x000000010c2d8b60, 0x000000010c2d9358]
Event: 689.759 Thread 0x00007f83ec80b800 1970 % !   3       com.gargoylesoftware.htmlunit.javascript.background.DefaultJavaScriptExecutor::run @ 13 (255 bytes)
Event: 689.762 Thread 0x00007f83ec80b800 nmethod 1970% 0x000000010c2cc010 code [0x000000010c2cc4c0, 0x000000010c2cf168]
Event: 701.144 Thread 0x00007f83ec80b800 1971   !   3       com.gargoylesoftware.htmlunit.javascript.background.DefaultJavaScriptExecutor::run (255 bytes)
Event: 701.147 Thread 0x00007f83ec80b800 nmethod 1971 0x000000010c2e8410 code [0x000000010c2e88c0, 0x000000010c2eb4a8]

GC Heap History (2 events):
Event: 1.513 GC heap before
{Heap before GC invocations=1 (full 0):
 PSYoungGen      total 76288K, used 65536K [0x000000076ab00000, 0x0000000770000000, 0x00000007c0000000)
  eden space 65536K, 100% used [0x000000076ab00000,0x000000076eb00000,0x000000076eb00000)
  from space 10752K, 0% used [0x000000076f580000,0x000000076f580000,0x0000000770000000)
  to   space 10752K, 0% used [0x000000076eb00000,0x000000076eb00000,0x000000076f580000)
 ParOldGen       total 175104K, used 0K [0x00000006c0000000, 0x00000006cab00000, 0x000000076ab00000)
  object space 175104K, 0% used [0x00000006c0000000,0x00000006c0000000,0x00000006cab00000)
 Metaspace       used 15131K, capacity 15458K, committed 15744K, reserved 1062912K
  class space    used 2464K, capacity 2573K, committed 2688K, reserved 1048576K
Event: 1.523 GC heap after
Heap after GC invocations=1 (full 0):
 PSYoungGen      total 76288K, used 10736K [0x000000076ab00000, 0x0000000770000000, 0x00000007c0000000)
  eden space 65536K, 0% used [0x000000076ab00000,0x000000076ab00000,0x000000076eb00000)
  from space 10752K, 99% used [0x000000076eb00000,0x000000076f57c2f8,0x000000076f580000)
  to   space 10752K, 0% used [0x000000076f580000,0x000000076f580000,0x0000000770000000)
 ParOldGen       total 175104K, used 1101K [0x00000006c0000000, 0x00000006cab00000, 0x000000076ab00000)
  object space 175104K, 0% used [0x00000006c0000000,0x00000006c0113530,0x00000006cab00000)
 Metaspace       used 15131K, capacity 15458K, committed 15744K, reserved 1062912K
  class space    used 2464K, capacity 2573K, committed 2688K, reserved 1048576K
}

Deoptimization events (10 events):
Event: 0.901 Thread 0x00007f83ea806800 Uncommon trap: reason=class_check action=maybe_recompile pc=0x000000010bf13e38 method=java.util.LinkedHashMap.afterNodeInsertion(Z)V @ 15
Event: 0.908 Thread 0x00007f83ea806800 Uncommon trap: reason=unstable_if action=reinterpret pc=0x000000010bf5c890 method=java.lang.CharacterDataLatin1.digit(II)I @ 82
Event: 1.307 Thread 0x00007f83ea806800 Uncommon trap: reason=unstable_if action=reinterpret pc=0x000000010bf1385c method=java.io.UnixFileSystem.normalize(Ljava/lang/String;)Ljava/lang/String; @ 60
Event: 1.313 Thread 0x00007f83ea806800 Uncommon trap: reason=unstable_if action=reinterpret pc=0x000000010bf445d0 method=java.io.ByteArrayInputStream.read()I @ 8
Event: 1.330 Thread 0x00007f83ea806800 Uncommon trap: reason=unstable_if action=reinterpret pc=0x000000010bf5e934 method=java.lang.CharacterDataLatin1.digit(II)I @ 82
Event: 1.340 Thread 0x00007f83ea806800 Uncommon trap: reason=unstable_if action=reinterpret pc=0x000000010bfedd30 method=java.util.jar.Manifest$FastInputStream.readLine([BII)I @ 87
Event: 1.402 Thread 0x00007f83ea806800 Uncommon trap: reason=class_check action=maybe_recompile pc=0x000000010bf13e38 method=java.util.LinkedHashMap.afterNodeInsertion(Z)V @ 15
Event: 1.449 Thread 0x00007f83ea806800 Uncommon trap: reason=unstable_if action=reinterpret pc=0x000000010bf2cb28 method=java.util.ArrayList.<init>(I)V @ 5
Event: 1.525 Thread 0x00007f83ea806800 Uncommon trap: reason=unstable_if action=reinterpret pc=0x000000010bf0b95c method=java.lang.ref.SoftReference.get()Ljava/lang/Object; @ 17
Event: 1.924 Thread 0x00007f83ea806800 Uncommon trap: reason=unstable_if action=reinterpret pc=0x000000010c01ea84 method=java.lang.CharacterData.of(I)Ljava/lang/CharacterData; @ 4

Internal exceptions (10 events):
Event: 0.250 Thread 0x00007f83ea806800 Exception <a 'java/lang/ClassNotFoundException': org/apache/log4j/WriterAppenderBeanInfo> (0x000000076b2e34c0) thrown at [/Users/java_re/workspace/8-2-build-macosx-x86_64/jdk8u40/3153/hotspot/src/share/vm/classfile/systemDictionary.cpp, line 210]
Event: 0.250 Thread 0x00007f83ea806800 Exception <a 'java/lang/ClassNotFoundException': org/apache/log4j/AppenderSkeletonBeanInfo> (0x000000076b2eb668) thrown at [/Users/java_re/workspace/8-2-build-macosx-x86_64/jdk8u40/3153/hotspot/src/share/vm/classfile/systemDictionary.cpp, line 210]
Event: 0.250 Thread 0x00007f83ea806800 Exception <a 'java/lang/ClassNotFoundException': org/apache/log4j/AppenderSkeletonCustomizer> (0x000000076b2f3b78) thrown at [/Users/java_re/workspace/8-2-build-macosx-x86_64/jdk8u40/3153/hotspot/src/share/vm/classfile/systemDictionary.cpp, line 210]
Event: 0.252 Thread 0x00007f83ea806800 Exception <a 'java/lang/ClassNotFoundException': org/apache/log4j/WriterAppenderCustomizer> (0x000000076b30fe90) thrown at [/Users/java_re/workspace/8-2-build-macosx-x86_64/jdk8u40/3153/hotspot/src/share/vm/classfile/systemDictionary.cpp, line 210]
Event: 0.254 Thread 0x00007f83ea806800 Exception <a 'java/lang/ClassNotFoundException': org/apache/log4j/ConsoleAppenderCustomizer> (0x000000076b3240a8) thrown at [/Users/java_re/workspace/8-2-build-macosx-x86_64/jdk8u40/3153/hotspot/src/share/vm/classfile/systemDictionary.cpp, line 210]
Event: 0.763 Thread 0x00007f83ea806800 Implicit null exception at 0x000000010be394d0 to 0x000000010be39715
Event: 0.778 Thread 0x00007f83ea806800 Implicit null exception at 0x000000010bf1cc64 to 0x000000010bf1d21d
Event: 1.483 Thread 0x00007f83ea806800 Exception <a 'java/lang/NoSuchFieldError': method resolution failed> (0x000000076ea3be20) thrown at [/Users/java_re/workspace/8-2-build-macosx-x86_64/jdk8u40/3153/hotspot/src/share/vm/prims/methodHandles.cpp, line 1125]
Event: 1.488 Thread 0x00007f83ea806800 Exception <a 'java/lang/NoSuchFieldError': method resolution failed> (0x000000076ea4a750) thrown at [/Users/java_re/workspace/8-2-build-macosx-x86_64/jdk8u40/3153/hotspot/src/share/vm/prims/methodHandles.cpp, line 1125]
Event: 2.017 Thread 0x00007f83ea806800 Exception <a 'java/net/SocketTimeoutException': Read timed out> (0x000000076b91bd38) thrown at [/Users/java_re/workspace/8-2-build-macosx-x86_64/jdk8u40/3153/hotspot/src/share/vm/prims/jni.cpp, line 735]

Events (10 events):
Event: 943.108 Executing VM operation: GetCurrentLocation
Event: 943.108 Executing VM operation: GetCurrentLocation done
Event: 943.108 Executing VM operation: EnterInterpOnlyMode
Event: 943.108 Executing VM operation: EnterInterpOnlyMode done
Event: 943.108 Executing VM operation: ChangeSingleStep
Event: 943.108 Executing VM operation: ChangeSingleStep done
Event: 943.108 Executing VM operation: ChangeSingleStep
Event: 943.108 Executing VM operation: ChangeSingleStep done
Event: 943.113 Executing VM operation: RedefineClasses
Event: 943.127 Executing VM operation: RedefineClasses done


Dynamic libraries:
0x00000000079c7000 	/System/Library/Frameworks/Cocoa.framework/Versions/A/Cocoa
0x00000000079c7000 	/System/Library/Frameworks/Security.framework/Versions/A/Security
0x00000000079c7000 	/System/Library/Frameworks/ApplicationServices.framework/Versions/A/ApplicationServices
0x00000000079c7000 	/usr/lib/libz.1.dylib
0x00000000079c7000 	/usr/lib/libSystem.B.dylib
0x00000000079c7000 	/usr/lib/libobjc.A.dylib
0x00000000079c7000 	/System/Library/Frameworks/CoreFoundation.framework/Versions/A/CoreFoundation
0x00000000079c7000 	/System/Library/Frameworks/Foundation.framework/Versions/C/Foundation
0x00000000079c7000 	/System/Library/Frameworks/AppKit.framework/Versions/C/AppKit
0x00000000079c7000 	/System/Library/Frameworks/CoreData.framework/Versions/A/CoreData
0x00000000079c7000 	/System/Library/PrivateFrameworks/RemoteViewServices.framework/Versions/A/RemoteViewServices
0x00000000079c7000 	/System/Library/PrivateFrameworks/UIFoundation.framework/Versions/A/UIFoundation
0x00000000079c7000 	/usr/lib/libScreenReader.dylib
0x00000000079c7000 	/System/Library/Frameworks/Accelerate.framework/Versions/A/Accelerate
0x00000000079c7000 	/System/Library/Frameworks/IOSurface.framework/Versions/A/IOSurface
0x00000000079c7000 	/System/Library/Frameworks/AudioToolbox.framework/Versions/A/AudioToolbox
0x00000000079c7000 	/System/Library/Frameworks/AudioUnit.framework/Versions/A/AudioUnit
0x00000000079c7000 	/System/Library/PrivateFrameworks/DataDetectorsCore.framework/Versions/A/DataDetectorsCore
0x00000000079c7000 	/System/Library/PrivateFrameworks/DesktopServicesPriv.framework/Versions/A/DesktopServicesPriv
0x00000000079c7000 	/System/Library/Frameworks/Carbon.framework/Versions/A/Frameworks/HIToolbox.framework/Versions/A/HIToolbox
0x00000000079c7000 	/System/Library/Frameworks/QuartzCore.framework/Versions/A/QuartzCore
0x00000000079c7000 	/System/Library/Frameworks/Carbon.framework/Versions/A/Frameworks/SpeechRecognition.framework/Versions/A/SpeechRecognition
0x00000000079c7000 	/usr/lib/libauto.dylib
0x00000000079c7000 	/usr/lib/libicucore.A.dylib
0x00000000079c7000 	/usr/lib/libxml2.2.dylib
0x00000000079c7000 	/System/Library/PrivateFrameworks/CoreUI.framework/Versions/A/CoreUI
0x00000000079c7000 	/System/Library/Frameworks/CoreAudio.framework/Versions/A/CoreAudio
0x00000000079c7000 	/System/Library/Frameworks/DiskArbitration.framework/Versions/A/DiskArbitration
0x00000000079c7000 	/usr/lib/liblangid.dylib
0x00000000079c7000 	/System/Library/PrivateFrameworks/MultitouchSupport.framework/Versions/A/MultitouchSupport
0x00000000079c7000 	/System/Library/Frameworks/IOKit.framework/Versions/A/IOKit
0x00000000079c7000 	/usr/lib/libDiagnosticMessagesClient.dylib
0x00000000079c7000 	/System/Library/Frameworks/CoreServices.framework/Versions/A/CoreServices
0x00000000079c7000 	/System/Library/PrivateFrameworks/PerformanceAnalysis.framework/Versions/A/PerformanceAnalysis
0x00000000079c7000 	/System/Library/PrivateFrameworks/GenerationalStorage.framework/Versions/A/GenerationalStorage
0x00000000079c7000 	/System/Library/Frameworks/OpenGL.framework/Versions/A/OpenGL
0x00000000079c7000 	/System/Library/PrivateFrameworks/Sharing.framework/Versions/A/Sharing
0x00000000079c7000 	/System/Library/Frameworks/CoreGraphics.framework/Versions/A/CoreGraphics
0x00000000079c7000 	/System/Library/Frameworks/CoreImage.framework/Versions/A/CoreImage
0x00000000079c7000 	/System/Library/Frameworks/CoreText.framework/Versions/A/CoreText
0x00000000079c7000 	/System/Library/Frameworks/ImageIO.framework/Versions/A/ImageIO
0x00000000079c7000 	/System/Library/PrivateFrameworks/Backup.framework/Versions/A/Backup
0x00000000079c7000 	/usr/lib/libextension.dylib
0x00000000079c7000 	/usr/lib/libarchive.2.dylib
0x00000000079c7000 	/System/Library/Frameworks/CFNetwork.framework/Versions/A/CFNetwork
0x00000000079c7000 	/System/Library/Frameworks/SystemConfiguration.framework/Versions/A/SystemConfiguration
0x00000000079c7000 	/usr/lib/libCRFSuite.dylib
0x00000000079c7000 	/usr/lib/libc++.1.dylib
0x00000000079c7000 	/usr/lib/libc++abi.dylib
0x00000000079c7000 	/usr/lib/system/libcache.dylib
0x00000000079c7000 	/usr/lib/system/libcommonCrypto.dylib
0x00000000079c7000 	/usr/lib/system/libcompiler_rt.dylib
0x00000000079c7000 	/usr/lib/system/libcopyfile.dylib
0x00000000079c7000 	/usr/lib/system/libcorecrypto.dylib
0x00000000079c7000 	/usr/lib/system/libdispatch.dylib
0x00000000079c7000 	/usr/lib/system/libdyld.dylib
0x00000000079c7000 	/usr/lib/system/libkeymgr.dylib
0x00000000079c7000 	/usr/lib/system/liblaunch.dylib
0x00000000079c7000 	/usr/lib/system/libmacho.dylib
0x00000000079c7000 	/usr/lib/system/libquarantine.dylib
0x00000000079c7000 	/usr/lib/system/libremovefile.dylib
0x00000000079c7000 	/usr/lib/system/libsystem_asl.dylib
0x00000000079c7000 	/usr/lib/system/libsystem_blocks.dylib
0x00000000079c7000 	/usr/lib/system/libsystem_c.dylib
0x00000000079c7000 	/usr/lib/system/libsystem_configuration.dylib
0x00000000079c7000 	/usr/lib/system/libsystem_coreservices.dylib
0x00000000079c7000 	/usr/lib/system/libsystem_coretls.dylib
0x00000000079c7000 	/usr/lib/system/libsystem_dnssd.dylib
0x00000000079c7000 	/usr/lib/system/libsystem_info.dylib
0x00000000079c7000 	/usr/lib/system/libsystem_kernel.dylib
0x00000000079c7000 	/usr/lib/system/libsystem_m.dylib
0x00000000079c7000 	/usr/lib/system/libsystem_malloc.dylib
0x00000000079c7000 	/usr/lib/system/libsystem_network.dylib
0x00000000079c7000 	/usr/lib/system/libsystem_networkextension.dylib
0x00000000079c7000 	/usr/lib/system/libsystem_notify.dylib
0x00000000079c7000 	/usr/lib/system/libsystem_platform.dylib
0x00000000079c7000 	/usr/lib/system/libsystem_pthread.dylib
0x00000000079c7000 	/usr/lib/system/libsystem_sandbox.dylib
0x00000000079c7000 	/usr/lib/system/libsystem_secinit.dylib
0x00000000079c7000 	/usr/lib/system/libsystem_trace.dylib
0x00000000079c7000 	/usr/lib/system/libunc.dylib
0x00000000079c7000 	/usr/lib/system/libunwind.dylib
0x00000000079c7000 	/usr/lib/system/libxpc.dylib
0x00000000079c7000 	/usr/lib/libenergytrace.dylib
0x00000000079c7000 	/usr/lib/libbsm.0.dylib
0x00000000079c7000 	/usr/lib/system/libkxld.dylib
0x00000000079c7000 	/usr/lib/libxar.1.dylib
0x00000000079c7000 	/usr/lib/libsqlite3.dylib
0x00000000079c7000 	/usr/lib/libpam.2.dylib
0x00000000079c7000 	/usr/lib/libOpenScriptingUtil.dylib
0x00000000079c7000 	/usr/lib/libbz2.1.0.dylib
0x00000000079c7000 	/usr/lib/liblzma.5.dylib
0x00000000079c7000 	/System/Library/Frameworks/CoreServices.framework/Versions/A/Frameworks/FSEvents.framework/Versions/A/FSEvents
0x00000000079c7000 	/System/Library/Frameworks/CoreServices.framework/Versions/A/Frameworks/CarbonCore.framework/Versions/A/CarbonCore
0x00000000079c7000 	/System/Library/Frameworks/CoreServices.framework/Versions/A/Frameworks/Metadata.framework/Versions/A/Metadata
0x00000000079c7000 	/System/Library/Frameworks/CoreServices.framework/Versions/A/Frameworks/OSServices.framework/Versions/A/OSServices
0x00000000079c7000 	/System/Library/Frameworks/CoreServices.framework/Versions/A/Frameworks/SearchKit.framework/Versions/A/SearchKit
0x00000000079c7000 	/System/Library/Frameworks/CoreServices.framework/Versions/A/Frameworks/AE.framework/Versions/A/AE
0x00000000079c7000 	/System/Library/Frameworks/CoreServices.framework/Versions/A/Frameworks/LaunchServices.framework/Versions/A/LaunchServices
0x00000000079c7000 	/System/Library/Frameworks/CoreServices.framework/Versions/A/Frameworks/DictionaryServices.framework/Versions/A/DictionaryServices
0x00000000079c7000 	/System/Library/Frameworks/CoreServices.framework/Versions/A/Frameworks/SharedFileList.framework/Versions/A/SharedFileList
0x00000000079c7000 	/System/Library/Frameworks/NetFS.framework/Versions/A/NetFS
0x00000000079c7000 	/System/Library/PrivateFrameworks/NetAuth.framework/Versions/A/NetAuth
0x00000000079c7000 	/System/Library/PrivateFrameworks/login.framework/Versions/A/Frameworks/loginsupport.framework/Versions/A/loginsupport
0x00000000079c7000 	/System/Library/PrivateFrameworks/TCC.framework/Versions/A/TCC
0x00000000079c7000 	/usr/lib/libmecabra.dylib
0x00000000079c7000 	/System/Library/Frameworks/ApplicationServices.framework/Versions/A/Frameworks/ATS.framework/Versions/A/ATS
0x00000000079c7000 	/System/Library/Frameworks/ApplicationServices.framework/Versions/A/Frameworks/ColorSync.framework/Versions/A/ColorSync
0x00000000079c7000 	/System/Library/Frameworks/ApplicationServices.framework/Versions/A/Frameworks/HIServices.framework/Versions/A/HIServices
0x00000000079c7000 	/System/Library/Frameworks/ApplicationServices.framework/Versions/A/Frameworks/LangAnalysis.framework/Versions/A/LangAnalysis
0x00000000079c7000 	/System/Library/Frameworks/ApplicationServices.framework/Versions/A/Frameworks/PrintCore.framework/Versions/A/PrintCore
0x00000000079c7000 	/System/Library/Frameworks/ApplicationServices.framework/Versions/A/Frameworks/QD.framework/Versions/A/QD
0x00000000079c7000 	/System/Library/Frameworks/ApplicationServices.framework/Versions/A/Frameworks/SpeechSynthesis.framework/Versions/A/SpeechSynthesis
0x00000000079c7000 	/System/Library/Frameworks/Metal.framework/Versions/A/Metal
0x00000000079c7000 	/System/Library/Frameworks/Accelerate.framework/Versions/A/Frameworks/vImage.framework/Versions/A/vImage
0x00000000079c7000 	/System/Library/Frameworks/Accelerate.framework/Versions/A/Frameworks/vecLib.framework/Versions/A/vecLib
0x00000000079c7000 	/System/Library/Frameworks/Accelerate.framework/Versions/A/Frameworks/vecLib.framework/Versions/A/libvDSP.dylib
0x00000000079c7000 	/System/Library/Frameworks/Accelerate.framework/Versions/A/Frameworks/vecLib.framework/Versions/A/libvMisc.dylib
0x00000000079c7000 	/System/Library/Frameworks/Accelerate.framework/Versions/A/Frameworks/vecLib.framework/Versions/A/libLAPACK.dylib
0x00000000079c7000 	/System/Library/Frameworks/Accelerate.framework/Versions/A/Frameworks/vecLib.framework/Versions/A/libBLAS.dylib
0x00000000079c7000 	/System/Library/Frameworks/Accelerate.framework/Versions/A/Frameworks/vecLib.framework/Versions/A/libLinearAlgebra.dylib
0x00000000079c7000 	/System/Library/Frameworks/Accelerate.framework/Versions/A/Frameworks/vecLib.framework/Versions/A/libSparseBLAS.dylib
0x00000000079c7000 	/System/Library/PrivateFrameworks/GPUCompiler.framework/libmetal_timestamp.dylib
0x00000000079c7000 	/System/Library/Frameworks/OpenGL.framework/Versions/A/Libraries/libCoreFSCache.dylib
0x00000000079c7000 	/System/Library/PrivateFrameworks/IOAccelerator.framework/Versions/A/IOAccelerator
0x00000000079c7000 	/System/Library/Frameworks/ApplicationServices.framework/Versions/A/Frameworks/ATS.framework/Versions/A/Resources/libFontParser.dylib
0x00000000079c7000 	/System/Library/Frameworks/ApplicationServices.framework/Versions/A/Frameworks/ATS.framework/Versions/A/Resources/libFontRegistry.dylib
0x00000000079c7000 	/System/Library/PrivateFrameworks/AppleVPA.framework/Versions/A/AppleVPA
0x00000000079c7000 	/System/Library/PrivateFrameworks/AppleJPEG.framework/Versions/A/AppleJPEG
0x00000000079c7000 	/System/Library/Frameworks/ImageIO.framework/Versions/A/Resources/libJPEG.dylib
0x00000000079c7000 	/System/Library/Frameworks/ImageIO.framework/Versions/A/Resources/libTIFF.dylib
0x00000000079c7000 	/System/Library/Frameworks/ImageIO.framework/Versions/A/Resources/libPng.dylib
0x00000000079c7000 	/System/Library/Frameworks/ImageIO.framework/Versions/A/Resources/libGIF.dylib
0x00000000079c7000 	/System/Library/Frameworks/ImageIO.framework/Versions/A/Resources/libJP2.dylib
0x00000000079c7000 	/System/Library/Frameworks/ImageIO.framework/Versions/A/Resources/libRadiance.dylib
0x00000000079c7000 	/System/Library/Frameworks/CoreVideo.framework/Versions/A/CoreVideo
0x00000000079c7000 	/System/Library/Frameworks/OpenGL.framework/Versions/A/Libraries/libGLU.dylib
0x00000000079c7000 	/System/Library/Frameworks/OpenGL.framework/Versions/A/Libraries/libGFXShared.dylib
0x00000000079c7000 	/System/Library/Frameworks/OpenGL.framework/Versions/A/Libraries/libGL.dylib
0x00000000079c7000 	/System/Library/Frameworks/OpenGL.framework/Versions/A/Libraries/libGLImage.dylib
0x00000000079c7000 	/System/Library/Frameworks/OpenGL.framework/Versions/A/Libraries/libCVMSPluginSupport.dylib
0x00000000079c7000 	/System/Library/Frameworks/OpenGL.framework/Versions/A/Libraries/libCoreVMClient.dylib
0x00000000079c7000 	/usr/lib/libcups.2.dylib
0x00000000079c7000 	/System/Library/Frameworks/Kerberos.framework/Versions/A/Kerberos
0x00000000079c7000 	/System/Library/Frameworks/GSS.framework/Versions/A/GSS
0x00000000079c7000 	/usr/lib/libresolv.9.dylib
0x00000000079c7000 	/usr/lib/libiconv.2.dylib
0x00000000079c7000 	/System/Library/PrivateFrameworks/Heimdal.framework/Versions/A/Heimdal
0x00000000079c7000 	/usr/lib/libheimdal-asn1.dylib
0x00000000079c7000 	/System/Library/Frameworks/OpenDirectory.framework/Versions/A/OpenDirectory
0x00000000079c7000 	/System/Library/PrivateFrameworks/CommonAuth.framework/Versions/A/CommonAuth
0x00000000079c7000 	/System/Library/Frameworks/OpenDirectory.framework/Versions/A/Frameworks/CFOpenDirectory.framework/Versions/A/CFOpenDirectory
0x00000000079c7000 	/System/Library/Frameworks/SecurityFoundation.framework/Versions/A/SecurityFoundation
0x00000000079c7000 	/System/Library/PrivateFrameworks/LanguageModeling.framework/Versions/A/LanguageModeling
0x00000000079c7000 	/usr/lib/libmarisa.dylib
0x00000000079c7000 	/usr/lib/libChineseTokenizer.dylib
0x00000000079c7000 	/usr/lib/libcmph.dylib
0x00000000079c7000 	/usr/lib/libcompression.dylib
0x00000000079c7000 	/System/Library/Frameworks/ServiceManagement.framework/Versions/A/ServiceManagement
0x00000000079c7000 	/usr/lib/libxslt.1.dylib
0x00000000079c7000 	/System/Library/Frameworks/Carbon.framework/Versions/A/Frameworks/Ink.framework/Versions/A/Ink
0x00000000079c7000 	/usr/lib/libFosl_dynamic.dylib
0x00000000079c7000 	/System/Library/PrivateFrameworks/FaceCore.framework/Versions/A/FaceCore
0x00000000079c7000 	/System/Library/Frameworks/OpenCL.framework/Versions/A/OpenCL
0x00000000079c7000 	/System/Library/PrivateFrameworks/CrashReporterSupport.framework/Versions/A/CrashReporterSupport
0x00000000079c7000 	/System/Library/PrivateFrameworks/IconServices.framework/Versions/A/IconServices
0x00000000079c7000 	/System/Library/PrivateFrameworks/Apple80211.framework/Versions/A/Apple80211
0x00000000079c7000 	/System/Library/Frameworks/CoreWLAN.framework/Versions/A/CoreWLAN
0x00000000079c7000 	/System/Library/Frameworks/IOBluetooth.framework/Versions/A/IOBluetooth
0x00000000079c7000 	/System/Library/PrivateFrameworks/CoreWiFi.framework/Versions/A/CoreWiFi
0x00000000079c7000 	/System/Library/Frameworks/CoreBluetooth.framework/Versions/A/CoreBluetooth
0x00000000079c7000 	/System/Library/PrivateFrameworks/ChunkingLibrary.framework/Versions/A/ChunkingLibrary
0x00000000079c7000 	/System/Library/PrivateFrameworks/DebugSymbols.framework/Versions/A/DebugSymbols
0x00000000079c7000 	/System/Library/PrivateFrameworks/CoreSymbolication.framework/Versions/A/CoreSymbolication
0x00000000079c7000 	/System/Library/PrivateFrameworks/Symbolication.framework/Versions/A/Symbolication
0x00000000079c7000 	/System/Library/PrivateFrameworks/SpeechRecognitionCore.framework/Versions/A/SpeechRecognitionCore
0x0000000109b95000 	/System/Library/CoreServices/Encodings/libSimplifiedChineseConverter.dylib
0x000000010ac00000 	/Library/Java/JavaVirtualMachines/jdk1.8.0_40.jdk/Contents/Home/jre/lib/server/libjvm.dylib
0x00000000079c7000 	/usr/lib/libstdc++.6.dylib
0x0000000109bdd000 	/Library/Java/JavaVirtualMachines/jdk1.8.0_40.jdk/Contents/Home/jre/lib/libverify.dylib
0x000000010bb69000 	/Library/Java/JavaVirtualMachines/jdk1.8.0_40.jdk/Contents/Home/jre/lib/libjava.dylib
0x000000010bb9e000 	/Library/Java/JavaVirtualMachines/jdk1.8.0_40.jdk/Contents/Home/jre/lib/libjdwp.dylib
0x0000000109bec000 	/Library/Java/JavaVirtualMachines/jdk1.8.0_40.jdk/Contents/Home/jre/lib/libnpt.dylib
0x000000010bbe9000 	/Library/Java/JavaVirtualMachines/jdk1.8.0_40.jdk/Contents/Home/jre/lib/libzip.dylib
0x0000000126ca7000 	/System/Library/Frameworks/JavaVM.framework/Frameworks/JavaRuntimeSupport.framework/JavaRuntimeSupport
0x0000000126cc2000 	/System/Library/Frameworks/JavaVM.framework/Versions/A/Frameworks/JavaNativeFoundation.framework/Versions/A/JavaNativeFoundation
0x0000000126cd7000 	/System/Library/Frameworks/JavaVM.framework/Versions/A/JavaVM
0x00000000079c7000 	/System/Library/Frameworks/Carbon.framework/Versions/A/Carbon
0x0000000126ce4000 	/System/Library/PrivateFrameworks/JavaLaunching.framework/Versions/A/JavaLaunching
0x00000000079c7000 	/System/Library/Frameworks/Carbon.framework/Versions/A/Frameworks/CommonPanels.framework/Versions/A/CommonPanels
0x00000000079c7000 	/System/Library/Frameworks/Carbon.framework/Versions/A/Frameworks/Help.framework/Versions/A/Help
0x00000000079c7000 	/System/Library/Frameworks/Carbon.framework/Versions/A/Frameworks/ImageCapture.framework/Versions/A/ImageCapture
0x00000000079c7000 	/System/Library/Frameworks/Carbon.framework/Versions/A/Frameworks/OpenScripting.framework/Versions/A/OpenScripting
0x00000000079c7000 	/System/Library/Frameworks/Carbon.framework/Versions/A/Frameworks/Print.framework/Versions/A/Print
0x00000000079c7000 	/System/Library/Frameworks/Carbon.framework/Versions/A/Frameworks/SecurityHI.framework/Versions/A/SecurityHI
0x0000000128602000 	/Library/Java/JavaVirtualMachines/jdk1.8.0_40.jdk/Contents/Home/jre/lib/libdt_socket.dylib
0x0000000128d25000 	/Library/Java/JavaVirtualMachines/jdk1.8.0_40.jdk/Contents/Home/jre/lib/libsunec.dylib
0x0000000128fb9000 	/Library/Java/JavaVirtualMachines/jdk1.8.0_40.jdk/Contents/Home/jre/lib/libnet.dylib

VM Arguments:
jvm_args: -agentlib:jdwp=transport=dt_socket,suspend=y,address=localhost:51597 -Dfile.encoding=UTF-8 
java_command: com.zlz.bug.utils.BookUtil
java_class_path (initial): /Users/zhailz/Documents/workspace/idle-workspace/leetcode/target/classes:/Users/zhailz/.m2/repository/commons-httpclient/commons-httpclient/3.1/commons-httpclient-3.1.jar:/Users/zhailz/.m2/repository/commons-logging/commons-logging/1.0.4/commons-logging-1.0.4.jar:/Users/zhailz/.m2/repository/commons-codec/commons-codec/1.2/commons-codec-1.2.jar:/Users/zhailz/.m2/repository/net/sourceforge/htmlunit/htmlunit/2.13/htmlunit-2.13.jar:/Users/zhailz/.m2/repository/xalan/xalan/2.7.1/xalan-2.7.1.jar:/Users/zhailz/.m2/repository/xalan/serializer/2.7.1/serializer-2.7.1.jar:/Users/zhailz/.m2/repository/commons-collections/commons-collections/3.2.1/commons-collections-3.2.1.jar:/Users/zhailz/.m2/repository/org/apache/httpcomponents/httpclient/4.3.1/httpclient-4.3.1.jar:/Users/zhailz/.m2/repository/org/apache/httpcomponents/httpcore/4.3/httpcore-4.3.jar:/Users/zhailz/.m2/repository/org/apache/httpcomponents/httpmime/4.3.1/httpmime-4.3.1.jar:/Users/zhailz/.m2/repository/net/sourceforge/htmlunit/htmlunit-core-js/2.13/htmlunit-core-js-2.13.jar:/Users/zhailz/.m2/repository/xerces/xercesImpl/2.11.0/xercesImpl-2.11.0.jar:/Users/zhailz/.m2/repository/xml-apis/xml-apis/1.4.01/xml-apis-1.4.01.jar:/Users/zhailz/.m2/repository/net/sourceforge/nekohtml/nekohtml/1.9.19/nekohtml-1.9.19.jar:/Users/zhailz/.m2/repository/net/sourceforge/cssparser/cssparser/0.9.11/cssparser-0.9.11.jar:/Users/zhailz/.m2/repository/org/w3c/css/sac/1.3/sac-1.3.jar:/Users/zhailz/.m2/repository/org/eclipse/jetty/jetty-websocket/8.1.12.v20130726/jetty-websocket-8.1.12.v20130726.jar:/Users/zhailz/.m2/repository/org/eclipse/jetty/jetty-util/8.1.12.v20130726/jetty-util-8.1.12.v20130726.jar:/Users/zhailz/.m2/repository/org/eclipse/jetty/jetty-io/8.1.12.v20130726/jetty-io-8.1.12.v20130726.jar:/Users/zhailz/.m2/repository/org/eclipse/jetty/jetty-http/8.1.12.v20130726/jetty-http-8.1.12.v20130726.jar:/Users/zhailz/.m2/repository/org/apache/commons/commons-lang3/3.0/commons-lang3-3.0.jar:/Users/zhail
Launcher Type: SUN_STANDARD

Environment Variables:
PATH=/usr/bin:/bin:/usr/sbin:/sbin
SHELL=/bin/bash

Signal Handlers:
SIGSEGV: [libjvm.dylib+0x58ef95], sa_mask[0]=11111111011111110111111111111111, sa_flags=SA_ONSTACK|SA_RESTART|SA_SIGINFO
SIGBUS: [libjvm.dylib+0x58ef95], sa_mask[0]=11111111011111110111111111111111, sa_flags=SA_RESTART|SA_SIGINFO
SIGFPE: [libjvm.dylib+0x46c118], sa_mask[0]=11111111011111110111111111111111, sa_flags=SA_RESTART|SA_SIGINFO
SIGPIPE: [libjvm.dylib+0x46c118], sa_mask[0]=11111111011111110111111111111111, sa_flags=SA_RESTART|SA_SIGINFO
SIGXFSZ: [libjvm.dylib+0x46c118], sa_mask[0]=11111111011111110111111111111111, sa_flags=SA_RESTART|SA_SIGINFO
SIGILL: [libjvm.dylib+0x46c118], sa_mask[0]=11111111011111110111111111111111, sa_flags=SA_RESTART|SA_SIGINFO
SIGUSR1: SIG_DFL, sa_mask[0]=00000000000000000000000000000000, sa_flags=none
SIGUSR2: [libjvm.dylib+0x46bc36], sa_mask[0]=00100000000000000000000000000000, sa_flags=SA_RESTART|SA_SIGINFO
SIGHUP: [libjvm.dylib+0x46a209], sa_mask[0]=11111111011111110111111111111111, sa_flags=SA_RESTART|SA_SIGINFO
SIGINT: [libjvm.dylib+0x46a209], sa_mask[0]=11111111011111110111111111111111, sa_flags=SA_RESTART|SA_SIGINFO
SIGTERM: [libjvm.dylib+0x46a209], sa_mask[0]=11111111011111110111111111111111, sa_flags=SA_RESTART|SA_SIGINFO
SIGQUIT: [libjvm.dylib+0x46a209], sa_mask[0]=11111111011111110111111111111111, sa_flags=SA_RESTART|SA_SIGINFO


---------------  S Y S T E M  ---------------

OS:Bsduname:Darwin 15.4.0 Darwin Kernel Version 15.4.0: Fri Feb 26 22:08:05 PST 2016; root:xnu-3248.40.184~3/RELEASE_X86_64 x86_64
rlimit: STACK 8192k, CORE 0k, NPROC 709, NOFILE 10240, AS infinity
load average:1.75 1.80 1.93

CPU:total 8 (4 cores per cpu, 2 threads per core) family 6 model 70 stepping 1, cmov, cx8, fxsr, mmx, sse, sse2, sse3, ssse3, sse4.1, sse4.2, popcnt, avx, avx2, aes, clmul, erms, lzcnt, ht, tsc, tscinvbit, bmi1, bmi2

Memory: 4k page, physical 16777216k(1435484k free)

/proc/meminfo:


vm_info: Java HotSpot(TM) 64-Bit Server VM (25.40-b25) for bsd-amd64 JRE (1.8.0_40-b27), built on Mar 13 2015 04:46:52 by "java_re" with gcc 4.2.1 (Based on Apple Inc. build 5658) (LLVM build 2336.11.00)

time: Wed Aug 24 10:41:31 2016
elapsed time: 943 seconds (0d 0h 15m 43s)

